# JRE version: OpenJDK Runtime Environment AdoptOpenJDK-11.0.11+9 (11.0.11+9) (build 11.0.11+9)
# Java VM: OpenJDK 64-Bit Server VM AdoptOpenJDK-11.0.11+9 (11.0.11+9, mixed mode, tiered, compressed oops, g1 gc, windows-amd64)
Heap:
 garbage-first heap   total 145408K, used 99151K [0x000000008a000000, 0x0000000100000000)
  region size 1024K, 80 young (81920K), 9 survivors (9216K)
 Metaspace       used 75430K, capacity 77410K, committed 77696K, reserved 1116160K
  class space    used 9705K, capacity 10498K, committed 10624K, reserved 1048576K
GC Heap History (20 events):
Event: 1.292 GC heap before
{Heap before GC invocations=0 (full 0):
 garbage-first heap   total 120832K, used 25600K [0x000000008a000000, 0x0000000100000000)
  region size 1024K, 24 young (24576K), 0 survivors (0K)
 Metaspace       used 9917K, capacity 10076K, committed 10240K, reserved 1058816K
  class space    used 906K, capacity 952K, committed 1024K, reserved 1048576K
}
Event: 1.299 GC heap after
{Heap after GC invocations=1 (full 0):
 garbage-first heap   total 120832K, used 8090K [0x000000008a000000, 0x0000000100000000)
  region size 1024K, 3 young (3072K), 3 survivors (3072K)
 Metaspace       used 9917K, capacity 10076K, committed 10240K, reserved 1058816K
  class space    used 906K, capacity 952K, committed 1024K, reserved 1048576K
}
Event: 3.244 GC heap before
{Heap before GC invocations=1 (full 0):
 garbage-first heap   total 120832K, used 57242K [0x000000008a000000, 0x0000000100000000)
  region size 1024K, 53 young (54272K), 3 survivors (3072K)
 Metaspace       used 20565K, capacity 21120K, committed 21248K, reserved 1069056K
  class space    used 2253K, capacity 2487K, committed 2560K, reserved 1048576K
}
Event: 3.251 GC heap after
{Heap after GC invocations=2 (full 0):
 garbage-first heap   total 120832K, used 10376K [0x000000008a000000, 0x0000000100000000)
  region size 1024K, 6 young (6144K), 6 survivors (6144K)
 Metaspace       used 20565K, capacity 21120K, committed 21248K, reserved 1069056K
  class space    used 2253K, capacity 2487K, committed 2560K, reserved 1048576K
}
Event: 3.592 GC heap before
{Heap before GC invocations=3 (full 0):
 garbage-first heap   total 120832K, used 49288K [0x000000008a000000, 0x0000000100000000)
  region size 1024K, 44 young (45056K), 6 survivors (6144K)
 Metaspace       used 25786K, capacity 26398K, committed 26496K, reserved 1073152K
  class space    used 2915K, capacity 3157K, committed 3200K, reserved 1048576K
}
Event: 3.597 GC heap after
{Heap after GC invocations=4 (full 0):
 garbage-first heap   total 120832K, used 11430K [0x000000008a000000, 0x0000000100000000)
  region size 1024K, 4 young (4096K), 4 survivors (4096K)
 Metaspace       used 25786K, capacity 26398K, committed 26496K, reserved 1073152K
  class space    used 2915K, capacity 3157K, committed 3200K, reserved 1048576K
}
Event: 4.322 GC heap before
{Heap before GC invocations=4 (full 0):
 garbage-first heap   total 120832K, used 68774K [0x000000008a000000, 0x0000000100000000)
  region size 1024K, 61 young (62464K), 4 survivors (4096K)
 Metaspace       used 27440K, capacity 28104K, committed 28160K, reserved 1075200K
  class space    used 3071K, capacity 3320K, committed 3328K, reserved 1048576K
}
Event: 4.328 GC heap after
{Heap after GC invocations=5 (full 0):
 garbage-first heap   total 120832K, used 12767K [0x000000008a000000, 0x0000000100000000)
  region size 1024K, 5 young (5120K), 5 survivors (5120K)
 Metaspace       used 27440K, capacity 28104K, committed 28160K, reserved 1075200K
  class space    used 3071K, capacity 3320K, committed 3328K, reserved 1048576K
}
Event: 6.387 GC heap before
{Heap before GC invocations=5 (full 0):
 garbage-first heap   total 120832K, used 78303K [0x000000008a000000, 0x0000000100000000)
  region size 1024K, 69 young (70656K), 5 survivors (5120K)
 Metaspace       used 32482K, capacity 33356K, committed 33408K, reserved 1079296K
  class space    used 3828K, capacity 4187K, committed 4224K, reserved 1048576K
}
Event: 6.400 GC heap after
{Heap after GC invocations=6 (full 0):
 garbage-first heap   total 120832K, used 14806K [0x000000008a000000, 0x0000000100000000)
  region size 1024K, 7 young (7168K), 7 survivors (7168K)
 Metaspace       used 32482K, capacity 33356K, committed 33408K, reserved 1079296K
  class space    used 3828K, capacity 4187K, committed 4224K, reserved 1048576K
}
Event: 6.978 GC heap before
{Heap before GC invocations=6 (full 0):
 garbage-first heap   total 120832K, used 33238K [0x000000008a000000, 0x0000000100000000)
  region size 1024K, 26 young (26624K), 7 survivors (7168K)
 Metaspace       used 34846K, capacity 35711K, committed 35840K, reserved 1081344K
  class space    used 4139K, capacity 4492K, committed 4608K, reserved 1048576K
}
Event: 6.995 GC heap after
{Heap after GC invocations=7 (full 0):
 garbage-first heap   total 120832K, used 15794K [0x000000008a000000, 0x0000000100000000)
  region size 1024K, 6 young (6144K), 6 survivors (6144K)
 Metaspace       used 34846K, capacity 35711K, committed 35840K, reserved 1081344K
  class space    used 4139K, capacity 4492K, committed 4608K, reserved 1048576K
}
Event: 8.232 GC heap before
{Heap before GC invocations=8 (full 0):
 garbage-first heap   total 120832K, used 84402K [0x000000008a000000, 0x0000000100000000)
  region size 1024K, 70 young (71680K), 6 survivors (6144K)
 Metaspace       used 38653K, capacity 39820K, committed 39936K, reserved 1083392K
  class space    used 4621K, capacity 5093K, committed 5120K, reserved 1048576K
}
Event: 8.243 GC heap after
{Heap after GC invocations=9 (full 0):
 garbage-first heap   total 120832K, used 18432K [0x000000008a000000, 0x0000000100000000)
  region size 1024K, 6 young (6144K), 6 survivors (6144K)
 Metaspace       used 38653K, capacity 39820K, committed 39936K, reserved 1083392K
  class space    used 4621K, capacity 5093K, committed 5120K, reserved 1048576K
}
Event: 10.333 GC heap before
{Heap before GC invocations=9 (full 0):
 garbage-first heap   total 120832K, used 83968K [0x000000008a000000, 0x0000000100000000)
  region size 1024K, 70 young (71680K), 6 survivors (6144K)
 Metaspace       used 46829K, capacity 48016K, committed 48128K, reserved 1091584K
  class space    used 5877K, capacity 6349K, committed 6400K, reserved 1048576K
}
Event: 10.341 GC heap after
{Heap after GC invocations=10 (full 0):
 garbage-first heap   total 145408K, used 19633K [0x000000008a000000, 0x0000000100000000)
  region size 1024K, 6 young (6144K), 6 survivors (6144K)
 Metaspace       used 46829K, capacity 48016K, committed 48128K, reserved 1091584K
  class space    used 5877K, capacity 6349K, committed 6400K, reserved 1048576K
}
Event: 12.172 GC heap before
{Heap before GC invocations=10 (full 0):
 garbage-first heap   total 145408K, used 83121K [0x000000008a000000, 0x0000000100000000)
  region size 1024K, 69 young (70656K), 6 survivors (6144K)
 Metaspace       used 58726K, capacity 60069K, committed 60160K, reserved 1101824K
  class space    used 7416K, capacity 7982K, committed 8064K, reserved 1048576K
}
Event: 12.181 GC heap after
{Heap after GC invocations=11 (full 0):
 garbage-first heap   total 145408K, used 23192K [0x000000008a000000, 0x0000000100000000)
  region size 1024K, 9 young (9216K), 9 survivors (9216K)
 Metaspace       used 58726K, capacity 60069K, committed 60160K, reserved 1101824K
  class space    used 7416K, capacity 7982K, committed 8064K, reserved 1048576K
}
Event: 15.251 GC heap before
{Heap before GC invocations=12 (full 0):
 garbage-first heap   total 145408K, used 101016K [0x000000008a000000, 0x0000000100000000)
  region size 1024K, 85 young (87040K), 9 survivors (9216K)
 Metaspace       used 67775K, capacity 69594K, committed 69632K, reserved 1110016K
  class space    used 8701K, capacity 9439K, committed 9472K, reserved 1048576K
}
Event: 15.261 GC heap after
{Heap after GC invocations=13 (full 0):
 garbage-first heap   total 145408K, used 27471K [0x000000008a000000, 0x0000000100000000)
  region size 1024K, 9 young (9216K), 9 survivors (9216K)
 Metaspace       used 67775K, capacity 69594K, committed 69632K, reserved 1110016K
  class space    used 8701K, capacity 9439K, committed 9472K, reserved 1048576K
}

