# JRE version: OpenJDK Runtime Environment AdoptOpenJDK-11.0.11+9 (11.0.11+9) (build 11.0.11+9)
# Java VM: OpenJDK 64-Bit Server VM AdoptOpenJDK-11.0.11+9 (11.0.11+9, mixed mode, tiered, compressed oops, g1 gc, windows-amd64)
Heap:
 garbage-first heap   total 145408K, used 87755K [0x000000008a000000, 0x0000000100000000)
  region size 1024K, 73 young (74752K), 9 survivors (9216K)
 Metaspace       used 66935K, capacity 68665K, committed 68736K, reserved 1107968K
  class space    used 8571K, capacity 9282K, committed 9344K, reserved 1048576K
GC Heap History (18 events):
Event: 0.705 GC heap before
{Heap before GC invocations=0 (full 0):
 garbage-first heap   total 120832K, used 25600K [0x000000008a000000, 0x0000000100000000)
  region size 1024K, 24 young (24576K), 0 survivors (0K)
 Metaspace       used 9917K, capacity 10076K, committed 10240K, reserved 1058816K
  class space    used 906K, capacity 952K, committed 1024K, reserved 1048576K
}
Event: 0.713 GC heap after
{Heap after GC invocations=1 (full 0):
 garbage-first heap   total 120832K, used 7878K [0x000000008a000000, 0x0000000100000000)
  region size 1024K, 3 young (3072K), 3 survivors (3072K)
 Metaspace       used 9917K, capacity 10076K, committed 10240K, reserved 1058816K
  class space    used 906K, capacity 952K, committed 1024K, reserved 1048576K
}
Event: 2.752 GC heap before
{Heap before GC invocations=1 (full 0):
 garbage-first heap   total 120832K, used 58054K [0x000000008a000000, 0x0000000100000000)
  region size 1024K, 53 young (54272K), 3 survivors (3072K)
 Metaspace       used 20604K, capacity 21137K, committed 21248K, reserved 1069056K
  class space    used 2271K, capacity 2493K, committed 2560K, reserved 1048576K
}
Event: 2.759 GC heap after
{Heap after GC invocations=2 (full 0):
 garbage-first heap   total 120832K, used 10453K [0x000000008a000000, 0x0000000100000000)
  region size 1024K, 6 young (6144K), 6 survivors (6144K)
 Metaspace       used 20604K, capacity 21137K, committed 21248K, reserved 1069056K
  class space    used 2271K, capacity 2493K, committed 2560K, reserved 1048576K
}
Event: 3.118 GC heap before
{Heap before GC invocations=3 (full 0):
 garbage-first heap   total 120832K, used 50389K [0x000000008a000000, 0x0000000100000000)
  region size 1024K, 46 young (47104K), 6 survivors (6144K)
 Metaspace       used 26232K, capacity 26907K, committed 27008K, reserved 1073152K
  class space    used 2959K, capacity 3200K, committed 3200K, reserved 1048576K
}
Event: 3.123 GC heap after
{Heap after GC invocations=4 (full 0):
 garbage-first heap   total 120832K, used 11830K [0x000000008a000000, 0x0000000100000000)
  region size 1024K, 4 young (4096K), 4 survivors (4096K)
 Metaspace       used 26232K, capacity 26907K, committed 27008K, reserved 1073152K
  class space    used 2959K, capacity 3200K, committed 3200K, reserved 1048576K
}
Event: 3.405 GC heap before
{Heap before GC invocations=4 (full 0):
 garbage-first heap   total 120832K, used 68150K [0x000000008a000000, 0x0000000100000000)
  region size 1024K, 60 young (61440K), 4 survivors (4096K)
 Metaspace       used 27685K, capacity 28345K, committed 28544K, reserved 1075200K
  class space    used 3082K, capacity 3356K, committed 3456K, reserved 1048576K
}
Event: 3.410 GC heap after
{Heap after GC invocations=5 (full 0):
 garbage-first heap   total 120832K, used 12610K [0x000000008a000000, 0x0000000100000000)
  region size 1024K, 5 young (5120K), 5 survivors (5120K)
 Metaspace       used 27685K, capacity 28345K, committed 28544K, reserved 1075200K
  class space    used 3082K, capacity 3356K, committed 3456K, reserved 1048576K
}
Event: 4.527 GC heap before
{Heap before GC invocations=5 (full 0):
 garbage-first heap   total 120832K, used 75074K [0x000000008a000000, 0x0000000100000000)
  region size 1024K, 66 young (67584K), 5 survivors (5120K)
 Metaspace       used 32798K, capacity 33680K, committed 33792K, reserved 1079296K
  class space    used 3877K, capacity 4252K, committed 4352K, reserved 1048576K
}
Event: 4.537 GC heap after
{Heap after GC invocations=6 (full 0):
 garbage-first heap   total 120832K, used 14640K [0x000000008a000000, 0x0000000100000000)
  region size 1024K, 5 young (5120K), 5 survivors (5120K)
 Metaspace       used 32798K, capacity 33680K, committed 33792K, reserved 1079296K
  class space    used 3877K, capacity 4252K, committed 4352K, reserved 1048576K
}
Event: 4.795 GC heap before
{Heap before GC invocations=6 (full 0):
 garbage-first heap   total 120832K, used 28976K [0x000000008a000000, 0x0000000100000000)
  region size 1024K, 20 young (20480K), 5 survivors (5120K)
 Metaspace       used 34859K, capacity 35744K, committed 35840K, reserved 1081344K
  class space    used 4141K, capacity 4524K, committed 4608K, reserved 1048576K
}
Event: 4.802 GC heap after
{Heap after GC invocations=7 (full 0):
 garbage-first heap   total 120832K, used 15641K [0x000000008a000000, 0x0000000100000000)
  region size 1024K, 6 young (6144K), 6 survivors (6144K)
 Metaspace       used 34859K, capacity 35744K, committed 35840K, reserved 1081344K
  class space    used 4141K, capacity 4524K, committed 4608K, reserved 1048576K
}
Event: 5.719 GC heap before
{Heap before GC invocations=8 (full 0):
 garbage-first heap   total 120832K, used 84249K [0x000000008a000000, 0x0000000100000000)
  region size 1024K, 70 young (71680K), 6 survivors (6144K)
 Metaspace       used 38665K, capacity 39821K, committed 39936K, reserved 1083392K
  class space    used 4621K, capacity 5093K, committed 5120K, reserved 1048576K
}
Event: 5.730 GC heap after
{Heap after GC invocations=9 (full 0):
 garbage-first heap   total 120832K, used 18206K [0x000000008a000000, 0x0000000100000000)
  region size 1024K, 6 young (6144K), 6 survivors (6144K)
 Metaspace       used 38665K, capacity 39821K, committed 39936K, reserved 1083392K
  class space    used 4621K, capacity 5093K, committed 5120K, reserved 1048576K
}
Event: 6.984 GC heap before
{Heap before GC invocations=9 (full 0):
 garbage-first heap   total 120832K, used 83742K [0x000000008a000000, 0x0000000100000000)
  region size 1024K, 70 young (71680K), 6 survivors (6144K)
 Metaspace       used 47345K, capacity 48611K, committed 48768K, reserved 1091584K
  class space    used 5919K, capacity 6419K, committed 6528K, reserved 1048576K
}
Event: 6.990 GC heap after
{Heap after GC invocations=10 (full 0):
 garbage-first heap   total 145408K, used 19808K [0x000000008a000000, 0x0000000100000000)
  region size 1024K, 6 young (6144K), 6 survivors (6144K)
 Metaspace       used 47345K, capacity 48611K, committed 48768K, reserved 1091584K
  class space    used 5919K, capacity 6419K, committed 6528K, reserved 1048576K
}
Event: 8.152 GC heap before
{Heap before GC invocations=10 (full 0):
 garbage-first heap   total 145408K, used 79200K [0x000000008a000000, 0x0000000100000000)
  region size 1024K, 65 young (66560K), 6 survivors (6144K)
 Metaspace       used 58560K, capacity 59936K, committed 60160K, reserved 1101824K
  class space    used 7363K, capacity 7917K, committed 7936K, reserved 1048576K
}
Event: 8.161 GC heap after
{Heap after GC invocations=11 (full 0):
 garbage-first heap   total 145408K, used 23243K [0x000000008a000000, 0x0000000100000000)
  region size 1024K, 9 young (9216K), 9 survivors (9216K)
 Metaspace       used 58560K, capacity 59936K, committed 60160K, reserved 1101824K
  class space    used 7363K, capacity 7917K, committed 7936K, reserved 1048576K
}

